[5.699s] DEBUG:colcon:Command line arguments: ['/usr/bin/colcon', 'build']
[5.699s] DEBUG:colcon:Parsed command line arguments: Namespace(log_base=None, log_level=None, verb_name='build', build_base='build', install_base='install', merge_install=False, symlink_install=False, test_result_base=None, continue_on_error=False, executor='parallel', parallel_workers=4, event_handlers=None, ignore_user_meta=False, metas=['./colcon.meta'], base_paths=['.'], packages_ignore=None, packages_ignore_regex=None, paths=None, packages_up_to=None, packages_up_to_regex=None, packages_above=None, packages_above_and_dependencies=None, packages_above_depth=None, packages_select_by_dep=None, packages_skip_by_dep=None, packages_skip_up_to=None, packages_select_build_failed=False, packages_skip_build_finished=False, packages_select_test_failures=False, packages_skip_test_passed=False, packages_select=None, packages_skip=None, packages_select_regex=None, packages_skip_regex=None, packages_start=None, packages_end=None, allow_overriding=[], cmake_args=None, cmake_target=None, cmake_target_skip_unavailable=False, cmake_clean_cache=False, cmake_clean_first=False, cmake_force_configure=False, ament_cmake_args=None, catkin_cmake_args=None, catkin_skip_building_tests=False, verb_parser=<colcon_defaults.argument_parser.defaults.DefaultArgumentsDecorator object at 0x74933063b250>, verb_extension=<colcon_core.verb.build.BuildVerb object at 0x74933063ad40>, main=<bound method BuildVerb.main of <colcon_core.verb.build.BuildVerb object at 0x74933063ad40>>)
[10.240s] Level 1:colcon.colcon_core.package_discovery:discover_packages(colcon_meta) check parameters
[10.240s] Level 1:colcon.colcon_core.package_discovery:discover_packages(recursive) check parameters
[10.240s] Level 1:colcon.colcon_core.package_discovery:discover_packages(ignore) check parameters
[10.241s] Level 1:colcon.colcon_core.package_discovery:discover_packages(path) check parameters
[10.241s] Level 1:colcon.colcon_core.package_discovery:discover_packages(colcon_meta) discover
[10.241s] Level 1:colcon.colcon_core.package_discovery:discover_packages(recursive) discover
[10.241s] INFO:colcon.colcon_core.package_discovery:Crawling recursively for packages in '/home/areesha/ros2_ws_areesha/src/lidar_navigation'
[10.242s] Level 1:colcon.colcon_core.package_identification:_identify(.) by extensions ['ignore', 'ignore_ament_install']
[10.243s] Level 1:colcon.colcon_core.package_identification:_identify(.) by extension 'ignore'
[10.243s] Level 1:colcon.colcon_core.package_identification:_identify(.) by extension 'ignore_ament_install'
[10.244s] Level 1:colcon.colcon_core.package_identification:_identify(.) by extensions ['colcon_pkg']
[10.245s] Level 1:colcon.colcon_core.package_identification:_identify(.) by extension 'colcon_pkg'
[10.245s] Level 1:colcon.colcon_core.package_identification:_identify(.) by extensions ['colcon_meta']
[10.245s] Level 1:colcon.colcon_core.package_identification:_identify(.) by extension 'colcon_meta'
[10.246s] Level 1:colcon.colcon_core.package_identification:_identify(.) by extensions ['ros']
[10.246s] Level 1:colcon.colcon_core.package_identification:_identify(.) by extension 'ros'
[10.348s] DEBUG:colcon.colcon_core.package_identification:Package '.' with type 'ros.ament_python' and name 'lidar_navigation'
[10.348s] Level 1:colcon.colcon_core.package_discovery:discover_packages(recursive) using defaults
[10.348s] Level 1:colcon.colcon_core.package_discovery:discover_packages(ignore) discover
[10.348s] Level 1:colcon.colcon_core.package_discovery:discover_packages(ignore) using defaults
[10.348s] Level 1:colcon.colcon_core.package_discovery:discover_packages(path) discover
[10.348s] Level 1:colcon.colcon_core.package_discovery:discover_packages(path) using defaults
[10.723s] Level 1:colcon.colcon_core.package_discovery:discover_packages(prefix_path) check parameters
[10.723s] Level 1:colcon.colcon_core.package_discovery:discover_packages(prefix_path) discover
[10.825s] DEBUG:colcon.colcon_installed_package_information.package_discovery:Found 8 installed packages in /home/areesha/ros2_ws_areesha/install
[10.829s] DEBUG:colcon.colcon_installed_package_information.package_discovery:Found 8 installed packages in /home/areesha/ros2_ws_areesha/src/install
[10.840s] DEBUG:colcon.colcon_installed_package_information.package_discovery:Found 440 installed packages in /opt/ros/humble
[10.845s] Level 1:colcon.colcon_core.package_discovery:discover_packages(prefix_path) using defaults
[11.067s] Level 5:colcon.colcon_core.verb:set package 'lidar_navigation' build argument 'cmake_args' from command line to 'None'
[11.067s] Level 5:colcon.colcon_core.verb:set package 'lidar_navigation' build argument 'cmake_target' from command line to 'None'
[11.067s] Level 5:colcon.colcon_core.verb:set package 'lidar_navigation' build argument 'cmake_target_skip_unavailable' from command line to 'False'
[11.067s] Level 5:colcon.colcon_core.verb:set package 'lidar_navigation' build argument 'cmake_clean_cache' from command line to 'False'
[11.067s] Level 5:colcon.colcon_core.verb:set package 'lidar_navigation' build argument 'cmake_clean_first' from command line to 'False'
[11.068s] Level 5:colcon.colcon_core.verb:set package 'lidar_navigation' build argument 'cmake_force_configure' from command line to 'False'
[11.068s] Level 5:colcon.colcon_core.verb:set package 'lidar_navigation' build argument 'ament_cmake_args' from command line to 'None'
[11.068s] Level 5:colcon.colcon_core.verb:set package 'lidar_navigation' build argument 'catkin_cmake_args' from command line to 'None'
[11.068s] Level 5:colcon.colcon_core.verb:set package 'lidar_navigation' build argument 'catkin_skip_building_tests' from command line to 'False'
[11.068s] DEBUG:colcon.colcon_core.verb:Building package 'lidar_navigation' with the following arguments: {'ament_cmake_args': None, 'build_base': '/home/areesha/ros2_ws_areesha/src/lidar_navigation/build/lidar_navigation', 'catkin_cmake_args': None, 'catkin_skip_building_tests': False, 'cmake_args': None, 'cmake_clean_cache': False, 'cmake_clean_first': False, 'cmake_force_configure': False, 'cmake_target': None, 'cmake_target_skip_unavailable': False, 'install_base': '/home/areesha/ros2_ws_areesha/src/lidar_navigation/install/lidar_navigation', 'merge_install': False, 'path': '/home/areesha/ros2_ws_areesha/src/lidar_navigation', 'symlink_install': False, 'test_result_base': None}
[11.068s] INFO:colcon.colcon_core.executor:Executing jobs using 'parallel' executor
[11.069s] DEBUG:colcon.colcon_parallel_executor.executor.parallel:run_until_complete
[11.069s] INFO:colcon.colcon_ros.task.ament_python.build:Building ROS package in '/home/areesha/ros2_ws_areesha/src/lidar_navigation' with build type 'ament_python'
[11.070s] Level 1:colcon.colcon_core.shell:create_environment_hook('lidar_navigation', 'ament_prefix_path')
[11.139s] INFO:colcon.colcon_core.plugin_system:Skipping extension 'colcon_core.shell.bat': Not used on non-Windows systems
[11.139s] INFO:colcon.colcon_core.shell:Creating environment hook '/home/areesha/ros2_ws_areesha/src/lidar_navigation/install/lidar_navigation/share/lidar_navigation/hook/ament_prefix_path.ps1'
[11.149s] INFO:colcon.colcon_core.shell:Creating environment descriptor '/home/areesha/ros2_ws_areesha/src/lidar_navigation/install/lidar_navigation/share/lidar_navigation/hook/ament_prefix_path.dsv'
[11.152s] INFO:colcon.colcon_core.shell:Creating environment hook '/home/areesha/ros2_ws_areesha/src/lidar_navigation/install/lidar_navigation/share/lidar_navigation/hook/ament_prefix_path.sh'
[11.153s] INFO:colcon.colcon_core.shell:Skip shell extension 'powershell' for command environment: Not usable outside of PowerShell
[11.153s] DEBUG:colcon.colcon_core.shell:Skip shell extension 'dsv' for command environment
[11.516s] INFO:colcon.colcon_core.task.python.build:Building Python package in '/home/areesha/ros2_ws_areesha/src/lidar_navigation'
[11.517s] INFO:colcon.colcon_core.shell:Skip shell extension 'powershell' for command environment: Not usable outside of PowerShell
[11.517s] DEBUG:colcon.colcon_core.shell:Skip shell extension 'dsv' for command environment
[12.983s] DEBUG:colcon.colcon_core.event_handler.log_command:Invoking command in '/home/areesha/ros2_ws_areesha/src/lidar_navigation': PYTHONPATH=/home/areesha/ros2_ws_areesha/src/lidar_navigation/build/lidar_navigation/prefix_override:/usr/lib/python3/dist-packages/colcon_core/task/python/colcon_distutils_commands:/home/areesha/ros2_ws_areesha/src/lidar_navigation/install/lidar_navigation/lib/python3.10/site-packages:${PYTHONPATH} /usr/bin/python3 -W ignore:setup.py install is deprecated -W ignore:easy_install command is deprecated setup.py egg_info --egg-base build/lidar_navigation build --build-base /home/areesha/ros2_ws_areesha/src/lidar_navigation/build/lidar_navigation/build install --record /home/areesha/ros2_ws_areesha/src/lidar_navigation/build/lidar_navigation/install.log --single-version-externally-managed install_data
[13.367s] DEBUG:colcon.colcon_core.event_handler.log_command:Invoked command in '/home/areesha/ros2_ws_areesha/src/lidar_navigation' returned '0': PYTHONPATH=/home/areesha/ros2_ws_areesha/src/lidar_navigation/build/lidar_navigation/prefix_override:/usr/lib/python3/dist-packages/colcon_core/task/python/colcon_distutils_commands:/home/areesha/ros2_ws_areesha/src/lidar_navigation/install/lidar_navigation/lib/python3.10/site-packages:${PYTHONPATH} /usr/bin/python3 -W ignore:setup.py install is deprecated -W ignore:easy_install command is deprecated setup.py egg_info --egg-base build/lidar_navigation build --build-base /home/areesha/ros2_ws_areesha/src/lidar_navigation/build/lidar_navigation/build install --record /home/areesha/ros2_ws_areesha/src/lidar_navigation/build/lidar_navigation/install.log --single-version-externally-managed install_data
[13.441s] Level 1:colcon.colcon_core.environment:checking '/home/areesha/ros2_ws_areesha/src/lidar_navigation/install/lidar_navigation' for CMake module files
[13.441s] Level 1:colcon.colcon_core.environment:checking '/home/areesha/ros2_ws_areesha/src/lidar_navigation/install/lidar_navigation' for CMake config files
[13.442s] Level 1:colcon.colcon_core.environment:checking '/home/areesha/ros2_ws_areesha/src/lidar_navigation/install/lidar_navigation/lib'
[13.442s] Level 1:colcon.colcon_core.environment:checking '/home/areesha/ros2_ws_areesha/src/lidar_navigation/install/lidar_navigation/bin'
[13.442s] Level 1:colcon.colcon_core.environment:checking '/home/areesha/ros2_ws_areesha/src/lidar_navigation/install/lidar_navigation/lib/pkgconfig/lidar_navigation.pc'
[13.442s] Level 1:colcon.colcon_core.environment:checking '/home/areesha/ros2_ws_areesha/src/lidar_navigation/install/lidar_navigation/lib/python3.10/site-packages'
[13.442s] Level 1:colcon.colcon_core.shell:create_environment_hook('lidar_navigation', 'pythonpath')
[13.443s] INFO:colcon.colcon_core.shell:Creating environment hook '/home/areesha/ros2_ws_areesha/src/lidar_navigation/install/lidar_navigation/share/lidar_navigation/hook/pythonpath.ps1'
[13.443s] INFO:colcon.colcon_core.shell:Creating environment descriptor '/home/areesha/ros2_ws_areesha/src/lidar_navigation/install/lidar_navigation/share/lidar_navigation/hook/pythonpath.dsv'
[13.443s] INFO:colcon.colcon_core.shell:Creating environment hook '/home/areesha/ros2_ws_areesha/src/lidar_navigation/install/lidar_navigation/share/lidar_navigation/hook/pythonpath.sh'
[13.444s] Level 1:colcon.colcon_core.environment:checking '/home/areesha/ros2_ws_areesha/src/lidar_navigation/install/lidar_navigation/bin'
[13.444s] Level 1:colcon.colcon_core.environment:create_environment_scripts_only(lidar_navigation)
[13.444s] INFO:colcon.colcon_core.shell:Creating package script '/home/areesha/ros2_ws_areesha/src/lidar_navigation/install/lidar_navigation/share/lidar_navigation/package.ps1'
[13.454s] INFO:colcon.colcon_core.shell:Creating package descriptor '/home/areesha/ros2_ws_areesha/src/lidar_navigation/install/lidar_navigation/share/lidar_navigation/package.dsv'
[13.467s] INFO:colcon.colcon_core.shell:Creating package script '/home/areesha/ros2_ws_areesha/src/lidar_navigation/install/lidar_navigation/share/lidar_navigation/package.sh'
[13.471s] INFO:colcon.colcon_core.shell:Creating package script '/home/areesha/ros2_ws_areesha/src/lidar_navigation/install/lidar_navigation/share/lidar_navigation/package.bash'
[13.491s] INFO:colcon.colcon_core.shell:Creating package script '/home/areesha/ros2_ws_areesha/src/lidar_navigation/install/lidar_navigation/share/lidar_navigation/package.zsh'
[13.500s] Level 1:colcon.colcon_core.environment:create_file_with_runtime_dependencies(/home/areesha/ros2_ws_areesha/src/lidar_navigation/install/lidar_navigation/share/colcon-core/packages/lidar_navigation)
[13.501s] DEBUG:colcon.colcon_parallel_executor.executor.parallel:closing loop
[13.502s] DEBUG:colcon.colcon_parallel_executor.executor.parallel:loop closed
[13.504s] DEBUG:colcon.colcon_parallel_executor.executor.parallel:run_until_complete finished with '0'
[13.505s] DEBUG:colcon.colcon_core.event_reactor:joining thread
[13.544s] INFO:colcon.colcon_core.plugin_system:Skipping extension 'colcon_notification.desktop_notification.terminal_notifier': Not used on non-Darwin systems
[13.545s] INFO:colcon.colcon_core.plugin_system:Skipping extension 'colcon_notification.desktop_notification.win32': Not used on non-Windows systems
[13.545s] INFO:colcon.colcon_notification.desktop_notification:Sending desktop notification using 'notify2'
[13.570s] DEBUG:colcon.colcon_core.event_reactor:joined thread
[13.571s] INFO:colcon.colcon_core.shell:Creating prefix script '/home/areesha/ros2_ws_areesha/src/lidar_navigation/install/local_setup.ps1'
[13.585s] INFO:colcon.colcon_core.shell:Creating prefix util module '/home/areesha/ros2_ws_areesha/src/lidar_navigation/install/_local_setup_util_ps1.py'
[13.587s] INFO:colcon.colcon_core.shell:Creating prefix chain script '/home/areesha/ros2_ws_areesha/src/lidar_navigation/install/setup.ps1'
[13.595s] INFO:colcon.colcon_core.shell:Creating prefix script '/home/areesha/ros2_ws_areesha/src/lidar_navigation/install/local_setup.sh'
[13.596s] INFO:colcon.colcon_core.shell:Creating prefix util module '/home/areesha/ros2_ws_areesha/src/lidar_navigation/install/_local_setup_util_sh.py'
[13.597s] INFO:colcon.colcon_core.shell:Creating prefix chain script '/home/areesha/ros2_ws_areesha/src/lidar_navigation/install/setup.sh'
[13.600s] INFO:colcon.colcon_core.shell:Creating prefix script '/home/areesha/ros2_ws_areesha/src/lidar_navigation/install/local_setup.bash'
[13.610s] INFO:colcon.colcon_core.shell:Creating prefix chain script '/home/areesha/ros2_ws_areesha/src/lidar_navigation/install/setup.bash'
[13.612s] INFO:colcon.colcon_core.shell:Creating prefix script '/home/areesha/ros2_ws_areesha/src/lidar_navigation/install/local_setup.zsh'
[13.620s] INFO:colcon.colcon_core.shell:Creating prefix chain script '/home/areesha/ros2_ws_areesha/src/lidar_navigation/install/setup.zsh'
