[1.253s] Invoking command in '/home/areesha/ros2_ws_areesha/src/my_first_pkg': PYTHONPATH=/home/areesha/ros2_ws_areesha/src/build/my_first_pkg/prefix_override:/usr/lib/python3/dist-packages/colcon_core/task/python/colcon_distutils_commands:/home/areesha/ros2_ws_areesha/src/install/my_first_pkg/lib/python3.10/site-packages:${PYTHONPATH} /usr/bin/python3 -W ignore:setup.py install is deprecated -W ignore:easy_install command is deprecated setup.py egg_info --egg-base ../build/my_first_pkg build --build-base /home/areesha/ros2_ws_areesha/src/build/my_first_pkg/build install --record /home/areesha/ros2_ws_areesha/src/build/my_first_pkg/install.log --single-version-externally-managed install_data
[1.503s] running egg_info
[1.504s] creating ../build/my_first_pkg/my_first_pkg.egg-info
[1.504s] writing ../build/my_first_pkg/my_first_pkg.egg-info/PKG-INFO
[1.504s] writing dependency_links to ../build/my_first_pkg/my_first_pkg.egg-info/dependency_links.txt
[1.505s] writing entry points to ../build/my_first_pkg/my_first_pkg.egg-info/entry_points.txt
[1.505s] writing requirements to ../build/my_first_pkg/my_first_pkg.egg-info/requires.txt
[1.505s] writing top-level names to ../build/my_first_pkg/my_first_pkg.egg-info/top_level.txt
[1.505s] writing manifest file '../build/my_first_pkg/my_first_pkg.egg-info/SOURCES.txt'
[1.507s] reading manifest file '../build/my_first_pkg/my_first_pkg.egg-info/SOURCES.txt'
[1.508s] writing manifest file '../build/my_first_pkg/my_first_pkg.egg-info/SOURCES.txt'
[1.508s] running build
[1.508s] running build_py
[1.508s] creating /home/areesha/ros2_ws_areesha/src/build/my_first_pkg/build
[1.508s] creating /home/areesha/ros2_ws_areesha/src/build/my_first_pkg/build/lib
[1.508s] creating /home/areesha/ros2_ws_areesha/src/build/my_first_pkg/build/lib/my_first_pkg
[1.509s] copying my_first_pkg/__init__.py -> /home/areesha/ros2_ws_areesha/src/build/my_first_pkg/build/lib/my_first_pkg
[1.509s] running install
[1.509s] running install_lib
[1.510s] creating /home/areesha/ros2_ws_areesha/src/install/my_first_pkg/lib/python3.10/site-packages/my_first_pkg
[1.510s] copying /home/areesha/ros2_ws_areesha/src/build/my_first_pkg/build/lib/my_first_pkg/__init__.py -> /home/areesha/ros2_ws_areesha/src/install/my_first_pkg/lib/python3.10/site-packages/my_first_pkg
[1.510s] byte-compiling /home/areesha/ros2_ws_areesha/src/install/my_first_pkg/lib/python3.10/site-packages/my_first_pkg/__init__.py to __init__.cpython-310.pyc
[1.510s] running install_data
[1.510s] creating /home/areesha/ros2_ws_areesha/src/install/my_first_pkg/share/ament_index
[1.511s] creating /home/areesha/ros2_ws_areesha/src/install/my_first_pkg/share/ament_index/resource_index
[1.511s] creating /home/areesha/ros2_ws_areesha/src/install/my_first_pkg/share/ament_index/resource_index/packages
[1.511s] copying resource/my_first_pkg -> /home/areesha/ros2_ws_areesha/src/install/my_first_pkg/share/ament_index/resource_index/packages
[1.511s] copying package.xml -> /home/areesha/ros2_ws_areesha/src/install/my_first_pkg/share/my_first_pkg
[1.511s] running install_egg_info
[1.513s] Copying ../build/my_first_pkg/my_first_pkg.egg-info to /home/areesha/ros2_ws_areesha/src/install/my_first_pkg/lib/python3.10/site-packages/my_first_pkg-0.0.0-py3.10.egg-info
[1.514s] running install_scripts
[1.536s] writing list of installed files to '/home/areesha/ros2_ws_areesha/src/build/my_first_pkg/install.log'
[1.561s] Invoked command in '/home/areesha/ros2_ws_areesha/src/my_first_pkg' returned '0': PYTHONPATH=/home/areesha/ros2_ws_areesha/src/build/my_first_pkg/prefix_override:/usr/lib/python3/dist-packages/colcon_core/task/python/colcon_distutils_commands:/home/areesha/ros2_ws_areesha/src/install/my_first_pkg/lib/python3.10/site-packages:${PYTHONPATH} /usr/bin/python3 -W ignore:setup.py install is deprecated -W ignore:easy_install command is deprecated setup.py egg_info --egg-base ../build/my_first_pkg build --build-base /home/areesha/ros2_ws_areesha/src/build/my_first_pkg/build install --record /home/areesha/ros2_ws_areesha/src/build/my_first_pkg/install.log --single-version-externally-managed install_data
