running egg_info
creating build/lidar_navigation/lidar_navigation.egg-info
writing build/lidar_navigation/lidar_navigation.egg-info/PKG-INFO
writing dependency_links to build/lidar_navigation/lidar_navigation.egg-info/dependency_links.txt
writing entry points to build/lidar_navigation/lidar_navigation.egg-info/entry_points.txt
writing requirements to build/lidar_navigation/lidar_navigation.egg-info/requires.txt
writing top-level names to build/lidar_navigation/lidar_navigation.egg-info/top_level.txt
writing manifest file 'build/lidar_navigation/lidar_navigation.egg-info/SOURCES.txt'
reading manifest file 'build/lidar_navigation/lidar_navigation.egg-info/SOURCES.txt'
writing manifest file 'build/lidar_navigation/lidar_navigation.egg-info/SOURCES.txt'
running build
running build_py
creating /home/areesha/ros2_ws_areesha/src/lidar_navigation/build/lidar_navigation/build
creating /home/areesha/ros2_ws_areesha/src/lidar_navigation/build/lidar_navigation/build/lib
creating /home/areesha/ros2_ws_areesha/src/lidar_navigation/build/lidar_navigation/build/lib/lidar_navigation
copying lidar_navigation/navigation_node.py -> /home/areesha/ros2_ws_areesha/src/lidar_navigation/build/lidar_navigation/build/lib/lidar_navigation
copying lidar_navigation/__init__.py -> /home/areesha/ros2_ws_areesha/src/lidar_navigation/build/lidar_navigation/build/lib/lidar_navigation
running install
running install_lib
creating /home/areesha/ros2_ws_areesha/src/lidar_navigation/install/lidar_navigation/lib/python3.10/site-packages/lidar_navigation
copying /home/areesha/ros2_ws_areesha/src/lidar_navigation/build/lidar_navigation/build/lib/lidar_navigation/navigation_node.py -> /home/areesha/ros2_ws_areesha/src/lidar_navigation/install/lidar_navigation/lib/python3.10/site-packages/lidar_navigation
copying /home/areesha/ros2_ws_areesha/src/lidar_navigation/build/lidar_navigation/build/lib/lidar_navigation/__init__.py -> /home/areesha/ros2_ws_areesha/src/lidar_navigation/install/lidar_navigation/lib/python3.10/site-packages/lidar_navigation
byte-compiling /home/areesha/ros2_ws_areesha/src/lidar_navigation/install/lidar_navigation/lib/python3.10/site-packages/lidar_navigation/navigation_node.py to navigation_node.cpython-310.pyc
byte-compiling /home/areesha/ros2_ws_areesha/src/lidar_navigation/install/lidar_navigation/lib/python3.10/site-packages/lidar_navigation/__init__.py to __init__.cpython-310.pyc
running install_data
creating /home/areesha/ros2_ws_areesha/src/lidar_navigation/install/lidar_navigation/share/ament_index
creating /home/areesha/ros2_ws_areesha/src/lidar_navigation/install/lidar_navigation/share/ament_index/resource_index
creating /home/areesha/ros2_ws_areesha/src/lidar_navigation/install/lidar_navigation/share/ament_index/resource_index/packages
copying resource/lidar_navigation -> /home/areesha/ros2_ws_areesha/src/lidar_navigation/install/lidar_navigation/share/ament_index/resource_index/packages
copying package.xml -> /home/areesha/ros2_ws_areesha/src/lidar_navigation/install/lidar_navigation/share/lidar_navigation
running install_egg_info
Copying build/lidar_navigation/lidar_navigation.egg-info to /home/areesha/ros2_ws_areesha/src/lidar_navigation/install/lidar_navigation/lib/python3.10/site-packages/lidar_navigation-0.0.0-py3.10.egg-info
running install_scripts
Installing navigation_node script to /home/areesha/ros2_ws_areesha/src/lidar_navigation/install/lidar_navigation/lib/lidar_navigation
writing list of installed files to '/home/areesha/ros2_ws_areesha/src/lidar_navigation/build/lidar_navigation/install.log'
